<?xml version="1.0" encoding="UTF-8"?>
<!-- Generated by org.testng.reporters.JUnitReportReporter -->
<testsuite skipped="0" hostname="KCSPL07119" name="SmartTown.SmartTown_By_KCS.LaunchApp" tests="1" failures="0" timestamp="2021-05-26T20:10:25 IST" time="23.477" errors="0">
  <testcase name="DownloadCSV" time="23.477" classname="SmartTown.SmartTown_By_KCS.LaunchApp"/>
  <system-out/>
</testsuite> <!-- SmartTown.SmartTown_By_KCS.LaunchApp -->
