<?xml version="1.0" encoding="UTF-8"?>
<!-- Generated by org.testng.reporters.JUnitReportReporter -->
<testsuite skipped="0" hostname="KCSPL07119" name="SmartTown.SmartTown_By_KCS.DownloadCSVTest" tests="1" failures="0" timestamp="2021-05-26T20:42:26 IST" time="28.729" errors="0">
  <testcase name="DownloadCSV" time="28.729" classname="SmartTown.SmartTown_By_KCS.DownloadCSVTest"/>
  <system-out/>
</testsuite> <!-- SmartTown.SmartTown_By_KCS.DownloadCSVTest -->
